Release 14.7 - xst P.20131013 (lin64)
Copyright (c) 1995-2013 Xilinx, Inc.  All rights reserved.
--> 
Parameter TMPDIR set to xst/projnav.tmp


Total REAL time to Xst completion: 0.00 secs
Total CPU time to Xst completion: 0.06 secs
 
--> 
Parameter xsthdpdir set to xst


Total REAL time to Xst completion: 0.00 secs
Total CPU time to Xst completion: 0.06 secs
 
--> 
Reading design: TOP.prj

TABLE OF CONTENTS
  1) Synthesis Options Summary
  2) HDL Parsing
  3) HDL Elaboration
  4) HDL Synthesis
       4.1) HDL Synthesis Report
  5) Advanced HDL Synthesis
       5.1) Advanced HDL Synthesis Report
  6) Low Level Synthesis
  7) Partition Report
  8) Design Summary
       8.1) Primitive and Black Box Usage
       8.2) Device utilization summary
       8.3) Partition Resource Summary
       8.4) Timing Report
            8.4.1) Clock Information
            8.4.2) Asynchronous Control Signals Information
            8.4.3) Timing Summary
            8.4.4) Timing Details
            8.4.5) Cross Clock Domains Report


=========================================================================
*                      Synthesis Options Summary                        *
=========================================================================
---- Source Parameters
Input File Name                    : "TOP.prj"
Ignore Synthesis Constraint File   : NO

---- Target Parameters
Output File Name                   : "TOP"
Output Format                      : NGC
Target Device                      : xc6slx16-3-csg324

---- Source Options
Top Module Name                    : TOP
Automatic FSM Extraction           : YES
FSM Encoding Algorithm             : Auto
Safe Implementation                : No
FSM Style                          : LUT
RAM Extraction                     : Yes
RAM Style                          : Auto
ROM Extraction                     : Yes
Shift Register Extraction          : YES
ROM Style                          : Auto
Resource Sharing                   : YES
Asynchronous To Synchronous        : NO
Shift Register Minimum Size        : 2
Use DSP Block                      : Auto
Automatic Register Balancing       : No

---- Target Options
LUT Combining                      : Auto
Reduce Control Sets                : Auto
Add IO Buffers                     : YES
Global Maximum Fanout              : 100000
Add Generic Clock Buffer(BUFG)     : 16
Register Duplication               : YES
Optimize Instantiated Primitives   : NO
Use Clock Enable                   : Auto
Use Synchronous Set                : Auto
Use Synchronous Reset              : Auto
Pack IO Registers into IOBs        : Auto
Equivalent register Removal        : YES

---- General Options
Optimization Goal                  : Speed
Optimization Effort                : 1
Power Reduction                    : NO
Keep Hierarchy                     : No
Netlist Hierarchy                  : As_Optimized
RTL Output                         : Yes
Global Optimization                : AllClockNets
Read Cores                         : YES
Write Timing Constraints           : NO
Cross Clock Analysis               : NO
Hierarchy Separator                : /
Bus Delimiter                      : <>
Case Specifier                     : Maintain
Slice Utilization Ratio            : 100
BRAM Utilization Ratio             : 100
DSP48 Utilization Ratio            : 100
Auto BRAM Packing                  : NO
Slice Utilization Ratio Delta      : 5

=========================================================================


=========================================================================
*                          HDL Parsing                                  *
=========================================================================
Parsing VHDL file "/home/stetd/first-test/T_LATCH.vhd" into library work
Parsing entity <T_LATCH>.
Parsing architecture <Behavioral> of entity <t_latch>.
Parsing VHDL file "/home/stetd/first-test/seg_decoder.vhd" into library work
Parsing entity <SEG_DECODER>.
Parsing architecture <Behavioral> of entity <seg_decoder>.
Parsing VHDL file "/home/stetd/first-test/top.vhd" into library work
Parsing entity <TOP>.
Parsing architecture <Behavioral> of entity <top>.

=========================================================================
*                            HDL Elaboration                            *
=========================================================================

Elaborating entity <TOP> (architecture <Behavioral>) from library <work>.

Elaborating entity <SEG_DECODER> (architecture <Behavioral>) from library <work>.

Elaborating entity <T_LATCH> (architecture <Behavioral>) from library <work>.

=========================================================================
*                           HDL Synthesis                               *
=========================================================================

Synthesizing Unit <TOP>.
    Related source file is "/home/stetd/first-test/top.vhd".
    Summary:
	no macro.
Unit <TOP> synthesized.

Synthesizing Unit <SEG_DECODER>.
    Related source file is "/home/stetd/first-test/seg_decoder.vhd".
    Found 256x8-bit Read Only RAM for signal <seg>
    Summary:
	inferred   1 RAM(s).
Unit <SEG_DECODER> synthesized.

Synthesizing Unit <T_LATCH>.
    Related source file is "/home/stetd/first-test/T_LATCH.vhd".
    Found 1-bit register for signal <S_INTERNAL>.
    Summary:
	inferred   1 D-type flip-flop(s).
Unit <T_LATCH> synthesized.

=========================================================================
HDL Synthesis Report

Macro Statistics
# RAMs                                                 : 1
 256x8-bit single-port Read Only RAM                   : 1
# Registers                                            : 12
 1-bit register                                        : 12

=========================================================================

=========================================================================
*                       Advanced HDL Synthesis                          *
=========================================================================


Synthesizing (advanced) Unit <SEG_DECODER>.
INFO:Xst:3218 - HDL ADVISOR - The RAM <Mram_seg> will be implemented on LUTs either because you have described an asynchronous read or because of currently unsupported block RAM features. If you have described an asynchronous read, making it synchronous would allow you to take advantage of available block RAM resources, for optimized device usage and improved timings. Please refer to your documentation for coding guidelines.
    -----------------------------------------------------------------------
    | ram_type           | Distributed                         |          |
    -----------------------------------------------------------------------
    | Port A                                                              |
    |     aspect ratio   | 256-word x 8-bit                    |          |
    |     weA            | connected to signal <GND>           | high     |
    |     addrA          | connected to signal <sw>            |          |
    |     diA            | connected to signal <GND>           |          |
    |     doA            | connected to signal <seg>           |          |
    -----------------------------------------------------------------------
Unit <SEG_DECODER> synthesized (advanced).

=========================================================================
Advanced HDL Synthesis Report

Macro Statistics
# RAMs                                                 : 1
 256x8-bit single-port distributed Read Only RAM       : 1
# Registers                                            : 12
 Flip-Flops                                            : 12

=========================================================================

=========================================================================
*                         Low Level Synthesis                           *
=========================================================================

Optimizing unit <TOP> ...

Mapping all equations...
Building and optimizing final netlist ...
Found area constraint ratio of 100 (+ 5) on block TOP, actual ratio is 0.

Final Macro Processing ...

=========================================================================
Final Register Report

Macro Statistics
# Registers                                            : 12
 Flip-Flops                                            : 12

=========================================================================

=========================================================================
*                           Partition Report                            *
=========================================================================

Partition Implementation Status
-------------------------------

  No Partitions were found in this design.

-------------------------------

=========================================================================
*                            Design Summary                             *
=========================================================================

Top Level Output File Name         : TOP.ngc

Primitive and Black Box Usage:
------------------------------
# BELS                             : 28
#      GND                         : 1
#      INV                         : 12
#      LUT3                        : 1
#      LUT4                        : 6
#      LUT5                        : 6
#      LUT6                        : 1
#      VCC                         : 1
# FlipFlops/Latches                : 12
#      FDE                         : 12
# Clock Buffers                    : 1
#      BUFGP                       : 1
# IO Buffers                       : 22
#      IBUF                        : 9
#      OBUF                        : 13

Device utilization summary:
---------------------------

Selected Device : 6slx16csg324-3 


Slice Logic Utilization: 
 Number of Slice Registers:              12  out of  18224     0%  
 Number of Slice LUTs:                   26  out of   9112     0%  
    Number used as Logic:                26  out of   9112     0%  

Slice Logic Distribution: 
 Number of LUT Flip Flop pairs used:     26
   Number with an unused Flip Flop:      14  out of     26    53%  
   Number with an unused LUT:             0  out of     26     0%  
   Number of fully used LUT-FF pairs:    12  out of     26    46%  
   Number of unique control sets:        12

IO Utilization: 
 Number of IOs:                          23
 Number of bonded IOBs:                  23  out of    232     9%  

Specific Feature Utilization:
 Number of BUFG/BUFGCTRLs:                1  out of     16     6%  

---------------------------
Partition Resource Summary:
---------------------------

  No Partitions were found in this design.

---------------------------


=========================================================================
Timing Report

NOTE: THESE TIMING NUMBERS ARE ONLY A SYNTHESIS ESTIMATE.
      FOR ACCURATE TIMING INFORMATION PLEASE REFER TO THE TRACE REPORT
      GENERATED AFTER PLACE-and-ROUTE.

Clock Information:
------------------
-----------------------------------+------------------------+-------+
Clock Signal                       | Clock buffer(FF name)  | Load  |
-----------------------------------+------------------------+-------+
clk                                | BUFGP                  | 12    |
-----------------------------------+------------------------+-------+

Asynchronous Control Signals Information:
----------------------------------------
No asynchronous control signals found in this design

Timing Summary:
---------------
Speed Grade: -3

   Minimum period: 1.950ns (Maximum Frequency: 512.794MHz)
   Minimum input arrival time before clock: 2.123ns
   Maximum output required time after clock: 3.634ns
   Maximum combinational path delay: 6.482ns

Timing Details:
---------------
All values displayed in nanoseconds (ns)

=========================================================================
Timing constraint: Default period analysis for Clock 'clk'
  Clock period: 1.950ns (frequency: 512.794MHz)
  Total number of paths / destination ports: 23 / 23
-------------------------------------------------------------------------
Delay:               1.950ns (Levels of Logic = 1)
  Source:            dlatch12/S_INTERNAL (FF)
  Destination:       dlatch12/S_INTERNAL (FF)
  Source Clock:      clk rising
  Destination Clock: clk rising

  Data Path: dlatch12/S_INTERNAL to dlatch12/S_INTERNAL
                                Gate     Net
    Cell:in->out      fanout   Delay   Delay  Logical Name (Net Name)
    ----------------------------------------  ------------
     FDE:C->Q              2   0.447   0.616  dlatch12/S_INTERNAL (dlatch12/S_INTERNAL)
     INV:I->O              1   0.206   0.579  dlatch12/S_INTERNAL_INV_2_o1_INV_0 (dlatch12/S_INTERNAL_INV_2_o)
     FDE:D                     0.102          dlatch12/S_INTERNAL
    ----------------------------------------
    Total                      1.950ns (0.755ns logic, 1.195ns route)
                                       (38.7% logic, 61.3% route)

=========================================================================
Timing constraint: Default OFFSET IN BEFORE for Clock 'clk'
  Total number of paths / destination ports: 1 / 1
-------------------------------------------------------------------------
Offset:              2.123ns (Levels of Logic = 1)
  Source:            btnd (PAD)
  Destination:       dlatch1/S_INTERNAL (FF)
  Destination Clock: clk rising

  Data Path: btnd to dlatch1/S_INTERNAL
                                Gate     Net
    Cell:in->out      fanout   Delay   Delay  Logical Name (Net Name)
    ----------------------------------------  ------------
     IBUF:I->O             1   1.222   0.579  btnd_IBUF (btnd_IBUF)
     FDE:CE                    0.322          dlatch1/S_INTERNAL
    ----------------------------------------
    Total                      2.123ns (1.544ns logic, 0.579ns route)
                                       (72.7% logic, 27.3% route)

=========================================================================
Timing constraint: Default OFFSET OUT AFTER for Clock 'clk'
  Total number of paths / destination ports: 1 / 1
-------------------------------------------------------------------------
Offset:              3.634ns (Levels of Logic = 1)
  Source:            dlatch12/S_INTERNAL (FF)
  Destination:       Led (PAD)
  Source Clock:      clk rising

  Data Path: dlatch12/S_INTERNAL to Led
                                Gate     Net
    Cell:in->out      fanout   Delay   Delay  Logical Name (Net Name)
    ----------------------------------------  ------------
     FDE:C->Q              2   0.447   0.616  dlatch12/S_INTERNAL (dlatch12/S_INTERNAL)
     OBUF:I->O                 2.571          Led_OBUF (Led)
    ----------------------------------------
    Total                      3.634ns (3.018ns logic, 0.616ns route)
                                       (83.0% logic, 17.0% route)

=========================================================================
Timing constraint: Default path analysis
  Total number of paths / destination ports: 56 / 7
-------------------------------------------------------------------------
Delay:               6.482ns (Levels of Logic = 4)
  Source:            sw<3> (PAD)
  Destination:       seg<6> (PAD)

  Data Path: sw<3> to seg<6>
                                Gate     Net
    Cell:in->out      fanout   Delay   Delay  Logical Name (Net Name)
    ----------------------------------------  ------------
     IBUF:I->O             7   1.222   1.021  sw_3_IBUF (sw_3_IBUF)
     LUT4:I0->O            1   0.203   0.684  decoder1/Mram_seg121_SW0 (N0)
     LUT5:I3->O            1   0.203   0.579  decoder1/Mram_seg121 (seg_0_OBUF)
     OBUF:I->O                 2.571          seg_0_OBUF (seg<0>)
    ----------------------------------------
    Total                      6.482ns (4.199ns logic, 2.283ns route)
                                       (64.8% logic, 35.2% route)

=========================================================================

Cross Clock Domains Report:
--------------------------

Clock to Setup on destination clock clk
---------------+---------+---------+---------+---------+
               | Src:Rise| Src:Fall| Src:Rise| Src:Fall|
Source Clock   |Dest:Rise|Dest:Rise|Dest:Fall|Dest:Fall|
---------------+---------+---------+---------+---------+
clk            |    1.950|         |         |         |
---------------+---------+---------+---------+---------+

=========================================================================


Total REAL time to Xst completion: 6.00 secs
Total CPU time to Xst completion: 6.01 secs
 
--> 


Total memory usage is 374944 kilobytes

Number of errors   :    0 (   0 filtered)
Number of warnings :    0 (   0 filtered)
Number of infos    :    1 (   0 filtered)

